2024-01-02 10:57:12,224 |OFBiz-batch-2        |DatabaseUtil                  |E| Column [TOPIC_PASS_PERCENTAGE] of table [public.EXAM_TOPIC_MAPPING_MASTER] of entity [ExamTopicMappingMaster] is of type [varchar] in the database, but is defined as type [NUMERIC] in the entity definition.
2024-01-02 10:57:12,229 |OFBiz-batch-2        |DatabaseUtil                  |E| Column [PERCENTAGE] of table [public.EXAM_TOPIC_MAPPING_MASTER] of entity [ExamTopicMappingMaster] is of type [varchar] in the database, but is defined as type [NUMERIC] in the entity definition.
2024-01-02 10:57:12,241 |OFBiz-batch-2        |DatabaseUtil                  |E| Column [DIFFICULTY_LEVEL] of table [public.QUESTION_MASTER] of entity [QuestionMaster] is of type [int4] in the database, but is defined as type [INTEGER] in the entity definition.
2024-01-02 10:57:12,247 |OFBiz-batch-2        |DatabaseUtil                  |E| Column [PERFORMANCE_ID] of table [public.USER_ATTEMPT_ANSWER_MASTER] of entity [UserAttemptAnswerMaster] is of type [int4] in the database, but is defined as type [INTEGER] in the entity definition.
2024-01-02 10:57:12,247 |OFBiz-batch-2        |DatabaseUtil                  |E| Column [IS_FLAGGED] of table [public.USER_ATTEMPT_ANSWER_MASTER] of entity [UserAttemptAnswerMaster] is of type [int4] in the database, but is defined as type [INTEGER] in the entity definition.
2024-01-02 10:57:12,247 |OFBiz-batch-2        |DatabaseUtil                  |E| Column [NO_OF_QUESTIONS] of table [public.USER_ATTEMPT_MASTER] of entity [UserAttemptMaster] is of type [int4] in the database, but is defined as type [INTEGER] in the entity definition.
2024-01-02 10:57:12,248 |OFBiz-batch-2        |DatabaseUtil                  |E| Column [TOTAL_WRONG] of table [public.USER_ATTEMPT_MASTER] of entity [UserAttemptMaster] is of type [int4] in the database, but is defined as type [INTEGER] in the entity definition.
2024-01-02 10:57:12,248 |OFBiz-batch-2        |DatabaseUtil                  |E| Column [TOTAL_CORRECT] of table [public.USER_ATTEMPT_MASTER] of entity [UserAttemptMaster] is of type [int4] in the database, but is defined as type [INTEGER] in the entity definition.
2024-01-02 10:57:12,248 |OFBiz-batch-2        |DatabaseUtil                  |E| Column [PERFORMANCE_ID] of table [public.USER_ATTEMPT_MASTER] of entity [UserAttemptMaster] is of type [int4] in the database, but is defined as type [INTEGER] in the entity definition.
2024-01-02 10:57:12,248 |OFBiz-batch-2        |DatabaseUtil                  |E| Column [CORRECT_QUESTIONS_IN_THIS_TOPIC] of table [public.USER_ATTEMPT_TOPIC_MASTER] of entity [UserAttemptTopicMaster] is of type [int4] in the database, but is defined as type [INTEGER] in the entity definition.
2024-01-02 10:57:12,248 |OFBiz-batch-2        |DatabaseUtil                  |E| Column [PERFORMANCE_ID] of table [public.USER_ATTEMPT_TOPIC_MASTER] of entity [UserAttemptTopicMaster] is of type [int4] in the database, but is defined as type [INTEGER] in the entity definition.
2024-01-02 10:57:12,248 |OFBiz-batch-2        |DatabaseUtil                  |E| Column [TOTAL_QUESTIONS_IN_THIS_TOPIC] of table [public.USER_ATTEMPT_TOPIC_MASTER] of entity [UserAttemptTopicMaster] is of type [int4] in the database, but is defined as type [INTEGER] in the entity definition.
2024-01-02 10:57:12,249 |OFBiz-batch-2        |DatabaseUtil                  |E| Column [MAX_SPLIT_ATTEMPTS] of table [public.USER_EXAM_MAPPING_MASTER] of entity [UserExamMappingMaster] is of type [int4] in the database, but is defined as type [INTEGER] in the entity definition.
2024-01-02 10:57:15,028 |kJoinPool-1-worker-4 |UtilXml                       |E| XmlFileLoader: File C:\Users\Dell\Documents\onlineexamportal\ofbiz-framework\plugins\onlineexam/servicedef/services.xml process error. Line: 54. Error message: cvc-complex-type.2.3: Element 'service' cannot have character [children], because the type's content type is element-only.
2024-01-02 10:57:15,029 |kJoinPool-1-worker-4 |UtilXml                       |E| XmlFileLoader: File C:\Users\Dell\Documents\onlineexamportal\ofbiz-framework\plugins\onlineexam/servicedef/services.xml process error. Line: 145. Error message: cvc-complex-type.2.3: Element 'service' cannot have character [children], because the type's content type is element-only.
2024-01-02 10:57:16,030 |kJoinPool-1-worker-1 |UtilXml                       |E| XmlFileLoader: File C:\Users\Dell\Documents\onlineexamportal\ofbiz-framework\plugins\onlineexam/servicedef/services.xml process error. Line: 54. Error message: cvc-complex-type.2.3: Element 'service' cannot have character [children], because the type's content type is element-only.
2024-01-02 10:57:16,031 |kJoinPool-1-worker-1 |UtilXml                       |E| XmlFileLoader: File C:\Users\Dell\Documents\onlineexamportal\ofbiz-framework\plugins\onlineexam/servicedef/services.xml process error. Line: 145. Error message: cvc-complex-type.2.3: Element 'service' cannot have character [children], because the type's content type is element-only.
2024-01-02 10:57:25,521 |main                 |UtilXml                       |E| XmlFileLoader: File file:/C:/Users/Dell/Documents/onlineexamportal/ofbiz-framework/plugins/onlineexam/webapp/onlineexam/WEB-INF/controller.xml process error. Line: 231. Error message: cvc-complex-type.2.3: Element 'request-map' cannot have character [children], because the type's content type is element-only.
2024-01-02 11:01:45,232 |jsse-nio-8443-exec-3 |UtilXml                       |E| XmlFileLoader: File file:/C:/Users/Dell/Documents/onlineexamportal/ofbiz-framework/plugins/onlineexam/webapp/onlineexam/WEB-INF/controller.xml process error. Line: 231. Error message: cvc-complex-type.2.3: Element 'request-map' cannot have character [children], because the type's content type is element-only.
2024-01-02 11:02:09,987 |sse-nio-8443-exec-14 |RequestHandler                |E| Request login caused an error with the following message: [password was empty reenter]
2024-01-02 11:06:42,699 |sse-nio-8443-exec-21 |UtilXml                       |E| XmlFileLoader: File file:/C:/Users/Dell/Documents/onlineexamportal/ofbiz-framework/plugins/onlineexam/webapp/onlineexam/WEB-INF/controller.xml process error. Line: 231. Error message: cvc-complex-type.2.3: Element 'request-map' cannot have character [children], because the type's content type is element-only.
2024-01-02 11:13:50,559 |sse-nio-8443-exec-25 |ControlServlet                |E| [entity] cannot be called by [POST] method.
2024-01-02 11:15:15,493 |sse-nio-8443-exec-25 |UtilXml                       |E| XmlFileLoader: File file:/C:/Users/Dell/Documents/onlineexamportal/ofbiz-framework/plugins/onlineexam/webapp/onlineexam/WEB-INF/controller.xml process error. Line: 231. Error message: cvc-complex-type.2.3: Element 'request-map' cannot have character [children], because the type's content type is element-only.
2024-01-02 11:15:34,085 |sse-nio-8443-exec-29 |UtilXml                       |E| XmlFileLoader: File file:/C:/Users/Dell/Documents/onlineexamportal/ofbiz-framework/plugins/onlineexam/webapp/onlineexam/WEB-INF/controller.xml process error. Line: 231. Error message: cvc-complex-type.2.3: Element 'request-map' cannot have character [children], because the type's content type is element-only.
2024-01-02 11:19:26,666 |sse-nio-8443-exec-36 |ServiceUtil                   |E| {errorMessageList=[Password must be at least 5 characters long., Password may not equal the Username., Password hint may not contain the password.], responseMessage=error}
2024-01-02 11:19:26,666 |sse-nio-8443-exec-36 |ServiceDispatcher             |E| Error in Service [createUserLogin]: Password must be at least 5 characters long., Password may not equal the Username., Password hint may not contain the password.
2024-01-02 11:19:26,667 |sse-nio-8443-exec-36 |TransactionUtil               |E| [TransactionUtil.rollback]
java.lang.Exception: Stack Trace
	at org.apache.ofbiz.entity.transaction.TransactionUtil.rollback(TransactionUtil.java:328) [main/:?]
	at org.apache.ofbiz.entity.transaction.TransactionUtil.rollback(TransactionUtil.java:304) [main/:?]
	at org.apache.ofbiz.service.ServiceDispatcher.runSync(ServiceDispatcher.java:578) [main/:?]
	at org.apache.ofbiz.service.ServiceDispatcher.runSync(ServiceDispatcher.java:244) [main/:?]
	at org.apache.ofbiz.service.GenericDispatcherFactory$GenericDispatcher.runSync(GenericDispatcherFactory.java:93) [main/:?]
	at org.apache.ofbiz.webapp.event.ServiceEventHandler.invoke(ServiceEventHandler.java:254) [main/:?]
	at org.apache.ofbiz.webapp.control.RequestHandler.runEvent(RequestHandler.java:1078) [main/:?]
	at org.apache.ofbiz.webapp.control.RequestHandler.doRequest(RequestHandler.java:678) [main/:?]
	at org.apache.ofbiz.webapp.control.ControlServlet.handle(ControlServlet.java:231) [main/:?]
	at org.apache.ofbiz.webapp.control.ControlServlet.doPost(ControlServlet.java:81) [main/:?]
	at javax.servlet.http.HttpServlet.service(HttpServlet.java:555) [tomcat-servlet-api-9.0.82.jar:4.0.FR]
	at javax.servlet.http.HttpServlet.service(HttpServlet.java:623) [tomcat-servlet-api-9.0.82.jar:4.0.FR]
	at org.apache.catalina.core.ApplicationFilterChain.internalDoFilter(ApplicationFilterChain.java:209) [tomcat-catalina-9.0.82.jar:9.0.82]
	at org.apache.catalina.core.ApplicationFilterChain.doFilter(ApplicationFilterChain.java:153) [tomcat-catalina-9.0.82.jar:9.0.82]
	at org.apache.tomcat.websocket.server.WsFilter.doFilter(WsFilter.java:51) [tomcat-embed-websocket-9.0.82.jar:9.0.82]
	at org.apache.catalina.core.ApplicationFilterChain.internalDoFilter(ApplicationFilterChain.java:178) [tomcat-catalina-9.0.82.jar:9.0.82]
	at org.apache.catalina.core.ApplicationFilterChain.doFilter(ApplicationFilterChain.java:153) [tomcat-catalina-9.0.82.jar:9.0.82]
	at org.apache.ofbiz.webapp.control.ContextFilter.doFilter(ContextFilter.java:188) [main/:?]
	at org.apache.catalina.core.ApplicationFilterChain.internalDoFilter(ApplicationFilterChain.java:178) [tomcat-catalina-9.0.82.jar:9.0.82]
	at org.apache.catalina.core.ApplicationFilterChain.doFilter(ApplicationFilterChain.java:153) [tomcat-catalina-9.0.82.jar:9.0.82]
	at org.apache.ofbiz.webapp.control.ControlFilter.doFilter(ControlFilter.java:167) [main/:?]
	at javax.servlet.http.HttpFilter.doFilter(HttpFilter.java:53) [tomcat-servlet-api-9.0.82.jar:4.0.FR]
	at org.apache.catalina.core.ApplicationFilterChain.internalDoFilter(ApplicationFilterChain.java:178) [tomcat-catalina-9.0.82.jar:9.0.82]
	at org.apache.catalina.core.ApplicationFilterChain.doFilter(ApplicationFilterChain.java:153) [tomcat-catalina-9.0.82.jar:9.0.82]
	at org.apache.logging.log4j.web.Log4jServletFilter.doFilter(Log4jServletFilter.java:71) [log4j-web-2.20.0.jar:2.20.0]
	at org.apache.catalina.core.ApplicationFilterChain.internalDoFilter(ApplicationFilterChain.java:178) [tomcat-catalina-9.0.82.jar:9.0.82]
	at org.apache.catalina.core.ApplicationFilterChain.doFilter(ApplicationFilterChain.java:153) [tomcat-catalina-9.0.82.jar:9.0.82]
	at org.apache.catalina.core.StandardWrapperValve.invoke(StandardWrapperValve.java:168) [tomcat-catalina-9.0.82.jar:9.0.82]
	at org.apache.catalina.core.StandardContextValve.invoke(StandardContextValve.java:90) [tomcat-catalina-9.0.82.jar:9.0.82]
	at org.apache.catalina.authenticator.AuthenticatorBase.invoke(AuthenticatorBase.java:481) [tomcat-catalina-9.0.82.jar:9.0.82]
	at org.apache.catalina.core.StandardHostValve.invoke(StandardHostValve.java:130) [tomcat-catalina-9.0.82.jar:9.0.82]
	at org.apache.catalina.valves.ErrorReportValve.invoke(ErrorReportValve.java:93) [tomcat-catalina-9.0.82.jar:9.0.82]
	at org.apache.catalina.core.StandardEngineValve.invoke(StandardEngineValve.java:74) [tomcat-catalina-9.0.82.jar:9.0.82]
	at org.apache.catalina.valves.AbstractAccessLogValve.invoke(AbstractAccessLogValve.java:670) [tomcat-catalina-9.0.82.jar:9.0.82]
	at org.apache.catalina.connector.CoyoteAdapter.service(CoyoteAdapter.java:342) [tomcat-catalina-9.0.82.jar:9.0.82]
	at org.apache.coyote.http2.StreamProcessor.service(StreamProcessor.java:432) [tomcat-coyote-9.0.82.jar:9.0.82]
	at org.apache.coyote.AbstractProcessorLight.process(AbstractProcessorLight.java:63) [tomcat-coyote-9.0.82.jar:9.0.82]
	at org.apache.coyote.http2.StreamProcessor.process(StreamProcessor.java:90) [tomcat-coyote-9.0.82.jar:9.0.82]
	at org.apache.coyote.http2.StreamRunnable.run(StreamRunnable.java:35) [tomcat-coyote-9.0.82.jar:9.0.82]
	at org.apache.tomcat.util.threads.ThreadPoolExecutor.runWorker(ThreadPoolExecutor.java:1191) [tomcat-util-9.0.82.jar:9.0.82]
	at org.apache.tomcat.util.threads.ThreadPoolExecutor$Worker.run(ThreadPoolExecutor.java:659) [tomcat-util-9.0.82.jar:9.0.82]
	at org.apache.tomcat.util.threads.TaskThread$WrappingRunnable.run(TaskThread.java:61) [tomcat-util-9.0.82.jar:9.0.82]
	at java.lang.Thread.run(Thread.java:833) [?:?]
2024-01-02 11:19:26,676 |sse-nio-8443-exec-36 |RequestHandler                |E| Request ProfileCreateUserLogin caused an error with the following message: [Password must be at least 5 characters long., Password may not equal the Username., Password hint may not contain the password.]
2024-01-02 11:20:46,210 |sse-nio-8443-exec-47 |UtilXml                       |E| XmlFileLoader: File file:/C:/Users/Dell/Documents/onlineexamportal/ofbiz-framework/plugins/onlineexam/webapp/onlineexam/WEB-INF/controller.xml process error. Line: 231. Error message: cvc-complex-type.2.3: Element 'request-map' cannot have character [children], because the type's content type is element-only.
2024-01-02 11:23:18,093 |sse-nio-8443-exec-21 |ServiceUtil                   |E| {errorMessageList=[Password hint may not contain the password.], responseMessage=error}
2024-01-02 11:23:18,094 |sse-nio-8443-exec-21 |ServiceDispatcher             |E| Error in Service [updatePassword]: Password hint may not contain the password.
2024-01-02 11:23:18,096 |sse-nio-8443-exec-21 |TransactionUtil               |E| Rollback Only was set when trying to commit transaction here; throwing rollbackOnly cause exception
javax.transaction.RollbackException: Unable to commit: transaction marked for rollback
	at org.apache.geronimo.transaction.manager.TransactionImpl.commit(TransactionImpl.java:272) ~[geronimo-transaction-3.1.5.jar:3.1.5]
	at org.apache.geronimo.transaction.manager.TransactionManagerImpl.commit(TransactionManagerImpl.java:263) ~[geronimo-transaction-3.1.5.jar:3.1.5]
	at org.apache.ofbiz.entity.transaction.TransactionUtil.commit(TransactionUtil.java:250) [main/:?]
	at org.apache.ofbiz.entity.transaction.TransactionUtil.commit(TransactionUtil.java:233) [main/:?]
	at org.apache.ofbiz.webapp.event.SimpleEventHandler.invoke(SimpleEventHandler.java:91) [main/:?]
	at org.apache.ofbiz.webapp.control.RequestHandler.runEvent(RequestHandler.java:1078) [main/:?]
	at org.apache.ofbiz.webapp.control.RequestHandler.doRequest(RequestHandler.java:678) [main/:?]
	at org.apache.ofbiz.webapp.control.ControlServlet.handle(ControlServlet.java:231) [main/:?]
	at org.apache.ofbiz.webapp.control.ControlServlet.doPost(ControlServlet.java:81) [main/:?]
	at javax.servlet.http.HttpServlet.service(HttpServlet.java:555) [tomcat-servlet-api-9.0.82.jar:4.0.FR]
	at javax.servlet.http.HttpServlet.service(HttpServlet.java:623) [tomcat-servlet-api-9.0.82.jar:4.0.FR]
	at org.apache.catalina.core.ApplicationFilterChain.internalDoFilter(ApplicationFilterChain.java:209) [tomcat-catalina-9.0.82.jar:9.0.82]
	at org.apache.catalina.core.ApplicationFilterChain.doFilter(ApplicationFilterChain.java:153) [tomcat-catalina-9.0.82.jar:9.0.82]
	at org.apache.tomcat.websocket.server.WsFilter.doFilter(WsFilter.java:51) [tomcat-embed-websocket-9.0.82.jar:9.0.82]
	at org.apache.catalina.core.ApplicationFilterChain.internalDoFilter(ApplicationFilterChain.java:178) [tomcat-catalina-9.0.82.jar:9.0.82]
	at org.apache.catalina.core.ApplicationFilterChain.doFilter(ApplicationFilterChain.java:153) [tomcat-catalina-9.0.82.jar:9.0.82]
	at org.apache.ofbiz.webapp.control.ContextFilter.doFilter(ContextFilter.java:188) [main/:?]
	at org.apache.catalina.core.ApplicationFilterChain.internalDoFilter(ApplicationFilterChain.java:178) [tomcat-catalina-9.0.82.jar:9.0.82]
	at org.apache.catalina.core.ApplicationFilterChain.doFilter(ApplicationFilterChain.java:153) [tomcat-catalina-9.0.82.jar:9.0.82]
	at org.apache.ofbiz.webapp.control.ControlFilter.doFilter(ControlFilter.java:167) [main/:?]
	at javax.servlet.http.HttpFilter.doFilter(HttpFilter.java:53) [tomcat-servlet-api-9.0.82.jar:4.0.FR]
	at org.apache.catalina.core.ApplicationFilterChain.internalDoFilter(ApplicationFilterChain.java:178) [tomcat-catalina-9.0.82.jar:9.0.82]
	at org.apache.catalina.core.ApplicationFilterChain.doFilter(ApplicationFilterChain.java:153) [tomcat-catalina-9.0.82.jar:9.0.82]
	at org.apache.logging.log4j.web.Log4jServletFilter.doFilter(Log4jServletFilter.java:71) [log4j-web-2.20.0.jar:2.20.0]
	at org.apache.catalina.core.ApplicationFilterChain.internalDoFilter(ApplicationFilterChain.java:178) [tomcat-catalina-9.0.82.jar:9.0.82]
	at org.apache.catalina.core.ApplicationFilterChain.doFilter(ApplicationFilterChain.java:153) [tomcat-catalina-9.0.82.jar:9.0.82]
	at org.apache.catalina.core.StandardWrapperValve.invoke(StandardWrapperValve.java:168) [tomcat-catalina-9.0.82.jar:9.0.82]
	at org.apache.catalina.core.StandardContextValve.invoke(StandardContextValve.java:90) [tomcat-catalina-9.0.82.jar:9.0.82]
	at org.apache.catalina.authenticator.AuthenticatorBase.invoke(AuthenticatorBase.java:481) [tomcat-catalina-9.0.82.jar:9.0.82]
	at org.apache.catalina.core.StandardHostValve.invoke(StandardHostValve.java:130) [tomcat-catalina-9.0.82.jar:9.0.82]
	at org.apache.catalina.valves.ErrorReportValve.invoke(ErrorReportValve.java:93) [tomcat-catalina-9.0.82.jar:9.0.82]
	at org.apache.catalina.core.StandardEngineValve.invoke(StandardEngineValve.java:74) [tomcat-catalina-9.0.82.jar:9.0.82]
	at org.apache.catalina.valves.AbstractAccessLogValve.invoke(AbstractAccessLogValve.java:670) [tomcat-catalina-9.0.82.jar:9.0.82]
	at org.apache.catalina.connector.CoyoteAdapter.service(CoyoteAdapter.java:342) [tomcat-catalina-9.0.82.jar:9.0.82]
	at org.apache.coyote.http2.StreamProcessor.service(StreamProcessor.java:432) [tomcat-coyote-9.0.82.jar:9.0.82]
	at org.apache.coyote.AbstractProcessorLight.process(AbstractProcessorLight.java:63) [tomcat-coyote-9.0.82.jar:9.0.82]
	at org.apache.coyote.http2.StreamProcessor.process(StreamProcessor.java:90) [tomcat-coyote-9.0.82.jar:9.0.82]
	at org.apache.coyote.http2.StreamRunnable.run(StreamRunnable.java:35) [tomcat-coyote-9.0.82.jar:9.0.82]
	at org.apache.tomcat.util.threads.ThreadPoolExecutor.runWorker(ThreadPoolExecutor.java:1191) [tomcat-util-9.0.82.jar:9.0.82]
	at org.apache.tomcat.util.threads.ThreadPoolExecutor$Worker.run(ThreadPoolExecutor.java:659) [tomcat-util-9.0.82.jar:9.0.82]
	at org.apache.tomcat.util.threads.TaskThread$WrappingRunnable.run(TaskThread.java:61) [tomcat-util-9.0.82.jar:9.0.82]
	at java.lang.Thread.run(Thread.java:833) [?:?]
Caused by: org.apache.geronimo.transaction.manager.SetRollbackOnlyException: setRollbackOnly() called.  See stacktrace for origin
	at org.apache.geronimo.transaction.manager.TransactionImpl.setRollbackOnly(TransactionImpl.java:126) ~[geronimo-transaction-3.1.5.jar:3.1.5]
	at org.apache.geronimo.transaction.manager.TransactionManagerImpl.setRollbackOnly(TransactionManagerImpl.java:254) ~[geronimo-transaction-3.1.5.jar:3.1.5]
	at org.apache.ofbiz.entity.transaction.TransactionUtil.setRollbackOnly(TransactionUtil.java:375) ~[main/:?]
	at org.apache.ofbiz.entity.transaction.TransactionUtil.rollback(TransactionUtil.java:306) ~[main/:?]
	at org.apache.ofbiz.service.ServiceDispatcher.runSync(ServiceDispatcher.java:578) ~[main/:?]
	at org.apache.ofbiz.service.ServiceDispatcher.runSync(ServiceDispatcher.java:244) ~[main/:?]
	at org.apache.ofbiz.service.GenericDispatcherFactory$GenericDispatcher.runSync(GenericDispatcherFactory.java:110) ~[main/:?]
	at org.apache.ofbiz.minilang.method.callops.CallService.exec(CallService.java:223) ~[main/:?]
	at org.apache.ofbiz.minilang.SimpleMethod.runSubOps(SimpleMethod.java:388) ~[main/:?]
	at org.apache.ofbiz.minilang.SimpleMethod.exec(SimpleMethod.java:497) ~[main/:?]
	at org.apache.ofbiz.minilang.SimpleMethod.runSimpleMethod(SimpleMethod.java:349) ~[main/:?]
	at org.apache.ofbiz.minilang.SimpleMethod.runSimpleEvent(SimpleMethod.java:330) ~[main/:?]
	at org.apache.ofbiz.webapp.event.SimpleEventHandler.invoke(SimpleEventHandler.java:75) ~[main/:?]
	... 37 more
2024-01-02 11:23:18,097 |sse-nio-8443-exec-21 |SimpleEventHandler            |E| null
org.apache.ofbiz.entity.transaction.GenericTransactionException: Roll back error, could not commit transaction, was rolled back instead because of: Error in Service [updatePassword]: Password hint may not contain the password.
	at org.apache.ofbiz.entity.transaction.TransactionUtil.commit(TransactionUtil.java:275) ~[main/:?]
	at org.apache.ofbiz.entity.transaction.TransactionUtil.commit(TransactionUtil.java:233) ~[main/:?]
	at org.apache.ofbiz.webapp.event.SimpleEventHandler.invoke(SimpleEventHandler.java:91) [main/:?]
	at org.apache.ofbiz.webapp.control.RequestHandler.runEvent(RequestHandler.java:1078) [main/:?]
	at org.apache.ofbiz.webapp.control.RequestHandler.doRequest(RequestHandler.java:678) [main/:?]
	at org.apache.ofbiz.webapp.control.ControlServlet.handle(ControlServlet.java:231) [main/:?]
	at org.apache.ofbiz.webapp.control.ControlServlet.doPost(ControlServlet.java:81) [main/:?]
	at javax.servlet.http.HttpServlet.service(HttpServlet.java:555) [tomcat-servlet-api-9.0.82.jar:4.0.FR]
	at javax.servlet.http.HttpServlet.service(HttpServlet.java:623) [tomcat-servlet-api-9.0.82.jar:4.0.FR]
	at org.apache.catalina.core.ApplicationFilterChain.internalDoFilter(ApplicationFilterChain.java:209) [tomcat-catalina-9.0.82.jar:9.0.82]
	at org.apache.catalina.core.ApplicationFilterChain.doFilter(ApplicationFilterChain.java:153) [tomcat-catalina-9.0.82.jar:9.0.82]
	at org.apache.tomcat.websocket.server.WsFilter.doFilter(WsFilter.java:51) [tomcat-embed-websocket-9.0.82.jar:9.0.82]
	at org.apache.catalina.core.ApplicationFilterChain.internalDoFilter(ApplicationFilterChain.java:178) [tomcat-catalina-9.0.82.jar:9.0.82]
	at org.apache.catalina.core.ApplicationFilterChain.doFilter(ApplicationFilterChain.java:153) [tomcat-catalina-9.0.82.jar:9.0.82]
	at org.apache.ofbiz.webapp.control.ContextFilter.doFilter(ContextFilter.java:188) [main/:?]
	at org.apache.catalina.core.ApplicationFilterChain.internalDoFilter(ApplicationFilterChain.java:178) [tomcat-catalina-9.0.82.jar:9.0.82]
	at org.apache.catalina.core.ApplicationFilterChain.doFilter(ApplicationFilterChain.java:153) [tomcat-catalina-9.0.82.jar:9.0.82]
	at org.apache.ofbiz.webapp.control.ControlFilter.doFilter(ControlFilter.java:167) [main/:?]
	at javax.servlet.http.HttpFilter.doFilter(HttpFilter.java:53) [tomcat-servlet-api-9.0.82.jar:4.0.FR]
	at org.apache.catalina.core.ApplicationFilterChain.internalDoFilter(ApplicationFilterChain.java:178) [tomcat-catalina-9.0.82.jar:9.0.82]
	at org.apache.catalina.core.ApplicationFilterChain.doFilter(ApplicationFilterChain.java:153) [tomcat-catalina-9.0.82.jar:9.0.82]
	at org.apache.logging.log4j.web.Log4jServletFilter.doFilter(Log4jServletFilter.java:71) [log4j-web-2.20.0.jar:2.20.0]
	at org.apache.catalina.core.ApplicationFilterChain.internalDoFilter(ApplicationFilterChain.java:178) [tomcat-catalina-9.0.82.jar:9.0.82]
	at org.apache.catalina.core.ApplicationFilterChain.doFilter(ApplicationFilterChain.java:153) [tomcat-catalina-9.0.82.jar:9.0.82]
	at org.apache.catalina.core.StandardWrapperValve.invoke(StandardWrapperValve.java:168) [tomcat-catalina-9.0.82.jar:9.0.82]
	at org.apache.catalina.core.StandardContextValve.invoke(StandardContextValve.java:90) [tomcat-catalina-9.0.82.jar:9.0.82]
	at org.apache.catalina.authenticator.AuthenticatorBase.invoke(AuthenticatorBase.java:481) [tomcat-catalina-9.0.82.jar:9.0.82]
	at org.apache.catalina.core.StandardHostValve.invoke(StandardHostValve.java:130) [tomcat-catalina-9.0.82.jar:9.0.82]
	at org.apache.catalina.valves.ErrorReportValve.invoke(ErrorReportValve.java:93) [tomcat-catalina-9.0.82.jar:9.0.82]
	at org.apache.catalina.core.StandardEngineValve.invoke(StandardEngineValve.java:74) [tomcat-catalina-9.0.82.jar:9.0.82]
	at org.apache.catalina.valves.AbstractAccessLogValve.invoke(AbstractAccessLogValve.java:670) [tomcat-catalina-9.0.82.jar:9.0.82]
	at org.apache.catalina.connector.CoyoteAdapter.service(CoyoteAdapter.java:342) [tomcat-catalina-9.0.82.jar:9.0.82]
	at org.apache.coyote.http2.StreamProcessor.service(StreamProcessor.java:432) [tomcat-coyote-9.0.82.jar:9.0.82]
	at org.apache.coyote.AbstractProcessorLight.process(AbstractProcessorLight.java:63) [tomcat-coyote-9.0.82.jar:9.0.82]
	at org.apache.coyote.http2.StreamProcessor.process(StreamProcessor.java:90) [tomcat-coyote-9.0.82.jar:9.0.82]
	at org.apache.coyote.http2.StreamRunnable.run(StreamRunnable.java:35) [tomcat-coyote-9.0.82.jar:9.0.82]
	at org.apache.tomcat.util.threads.ThreadPoolExecutor.runWorker(ThreadPoolExecutor.java:1191) [tomcat-util-9.0.82.jar:9.0.82]
	at org.apache.tomcat.util.threads.ThreadPoolExecutor$Worker.run(ThreadPoolExecutor.java:659) [tomcat-util-9.0.82.jar:9.0.82]
	at org.apache.tomcat.util.threads.TaskThread$WrappingRunnable.run(TaskThread.java:61) [tomcat-util-9.0.82.jar:9.0.82]
	at java.lang.Thread.run(Thread.java:833) [?:?]
2024-01-02 11:23:18,098 |sse-nio-8443-exec-21 |RequestHandler                |E| Request ProfileUpdatePassword caused an error with the following message: [Password hint may not contain the password.]
2024-01-02 11:23:44,534 |sse-nio-8443-exec-41 |UtilXml                       |E| XmlFileLoader: File file:/C:/Users/Dell/Documents/onlineexamportal/ofbiz-framework/plugins/onlineexam/webapp/onlineexam/WEB-INF/controller.xml process error. Line: 231. Error message: cvc-complex-type.2.3: Element 'request-map' cannot have character [children], because the type's content type is element-only.
2024-01-02 11:27:41,687 |jsse-nio-8443-exec-9 |UtilXml                       |E| XmlFileLoader: File file:/C:/Users/Dell/Documents/onlineexamportal/ofbiz-framework/plugins/onlineexam/webapp/onlineexam/WEB-INF/controller.xml process error. Line: 231. Error message: cvc-complex-type.2.3: Element 'request-map' cannot have character [children], because the type's content type is element-only.
2024-01-02 11:27:58,600 |sse-nio-8443-exec-21 |UtilXml                       |E| XmlFileLoader: File file:/C:/Users/Dell/Documents/onlineexamportal/ofbiz-framework/plugins/onlineexam/webapp/onlineexam/WEB-INF/controller.xml process error. Line: 231. Error message: cvc-complex-type.2.3: Element 'request-map' cannot have character [children], because the type's content type is element-only.
2024-01-02 11:30:05,306 |sse-nio-8443-exec-32 |UtilXml                       |E| XmlFileLoader: File file:/C:/Users/Dell/Documents/onlineexamportal/ofbiz-framework/plugins/onlineexam/webapp/onlineexam/WEB-INF/controller.xml process error. Line: 231. Error message: cvc-complex-type.2.3: Element 'request-map' cannot have character [children], because the type's content type is element-only.
2024-01-02 11:30:15,707 |sse-nio-8443-exec-40 |UtilXml                       |E| XmlFileLoader: File file:/C:/Users/Dell/Documents/onlineexamportal/ofbiz-framework/plugins/onlineexam/webapp/onlineexam/WEB-INF/controller.xml process error. Line: 231. Error message: cvc-complex-type.2.3: Element 'request-map' cannot have character [children], because the type's content type is element-only.
2024-01-02 11:30:28,794 |sse-nio-8443-exec-45 |UtilXml                       |E| XmlFileLoader: File file:/C:/Users/Dell/Documents/onlineexamportal/ofbiz-framework/plugins/onlineexam/webapp/onlineexam/WEB-INF/controller.xml process error. Line: 231. Error message: cvc-complex-type.2.3: Element 'request-map' cannot have character [children], because the type's content type is element-only.
2024-01-02 11:30:47,992 |sse-nio-8443-exec-55 |UtilXml                       |E| XmlFileLoader: File file:/C:/Users/Dell/Documents/onlineexamportal/ofbiz-framework/plugins/onlineexam/webapp/onlineexam/WEB-INF/controller.xml process error. Line: 231. Error message: cvc-complex-type.2.3: Element 'request-map' cannot have character [children], because the type's content type is element-only.
2024-01-02 11:31:00,500 |sse-nio-8443-exec-38 |UtilXml                       |E| XmlFileLoader: File file:/C:/Users/Dell/Documents/onlineexamportal/ofbiz-framework/plugins/onlineexam/webapp/onlineexam/WEB-INF/controller.xml process error. Line: 231. Error message: cvc-complex-type.2.3: Element 'request-map' cannot have character [children], because the type's content type is element-only.
2024-01-02 11:31:13,832 |jsse-nio-8443-exec-9 |UtilXml                       |E| XmlFileLoader: File file:/C:/Users/Dell/Documents/onlineexamportal/ofbiz-framework/plugins/onlineexam/webapp/onlineexam/WEB-INF/controller.xml process error. Line: 231. Error message: cvc-complex-type.2.3: Element 'request-map' cannot have character [children], because the type's content type is element-only.
2024-01-02 11:31:27,202 |sse-nio-8443-exec-53 |UtilXml                       |E| XmlFileLoader: File file:/C:/Users/Dell/Documents/onlineexamportal/ofbiz-framework/plugins/onlineexam/webapp/onlineexam/WEB-INF/controller.xml process error. Line: 231. Error message: cvc-complex-type.2.3: Element 'request-map' cannot have character [children], because the type's content type is element-only.
2024-01-02 11:32:01,504 |sse-nio-8443-exec-50 |UtilXml                       |E| XmlFileLoader: File file:/C:/Users/Dell/Documents/onlineexamportal/ofbiz-framework/plugins/onlineexam/webapp/onlineexam/WEB-INF/controller.xml process error. Line: 231. Error message: cvc-complex-type.2.3: Element 'request-map' cannot have character [children], because the type's content type is element-only.
2024-01-02 11:32:13,468 |sse-nio-8443-exec-44 |UtilXml                       |E| XmlFileLoader: File file:/C:/Users/Dell/Documents/onlineexamportal/ofbiz-framework/plugins/onlineexam/webapp/onlineexam/WEB-INF/controller.xml process error. Line: 231. Error message: cvc-complex-type.2.3: Element 'request-map' cannot have character [children], because the type's content type is element-only.
2024-01-02 11:32:33,383 |sse-nio-8443-exec-52 |UtilXml                       |E| XmlFileLoader: File file:/C:/Users/Dell/Documents/onlineexamportal/ofbiz-framework/plugins/onlineexam/webapp/onlineexam/WEB-INF/controller.xml process error. Line: 231. Error message: cvc-complex-type.2.3: Element 'request-map' cannot have character [children], because the type's content type is element-only.
2024-01-02 11:32:59,065 |sse-nio-8443-exec-55 |UtilXml                       |E| XmlFileLoader: File file:/C:/Users/Dell/Documents/onlineexamportal/ofbiz-framework/plugins/onlineexam/webapp/onlineexam/WEB-INF/controller.xml process error. Line: 231. Error message: cvc-complex-type.2.3: Element 'request-map' cannot have character [children], because the type's content type is element-only.
2024-01-02 11:33:49,862 |sse-nio-8443-exec-47 |UtilXml                       |E| XmlFileLoader: File file:/C:/Users/Dell/Documents/onlineexamportal/ofbiz-framework/plugins/onlineexam/webapp/onlineexam/WEB-INF/controller.xml process error. Line: 231. Error message: cvc-complex-type.2.3: Element 'request-map' cannot have character [children], because the type's content type is element-only.
2024-01-02 11:34:03,514 |sse-nio-8443-exec-44 |UtilXml                       |E| XmlFileLoader: File file:/C:/Users/Dell/Documents/onlineexamportal/ofbiz-framework/plugins/onlineexam/webapp/onlineexam/WEB-INF/controller.xml process error. Line: 231. Error message: cvc-complex-type.2.3: Element 'request-map' cannot have character [children], because the type's content type is element-only.
2024-01-02 11:34:15,527 |sse-nio-8443-exec-44 |UtilXml                       |E| XmlFileLoader: File file:/C:/Users/Dell/Documents/onlineexamportal/ofbiz-framework/plugins/onlineexam/webapp/onlineexam/WEB-INF/controller.xml process error. Line: 231. Error message: cvc-complex-type.2.3: Element 'request-map' cannot have character [children], because the type's content type is element-only.
